<?xml version="1.0" encoding="UTF-8"?>
<!-- Generated by org.testng.reporters.JUnitXMLReporter -->
<testsuite ignored="0" hostname="mominul-10662" failures="1" tests="2" name="Command line test" time="30.458" errors="0" timestamp="2020-09-29T17:23:42 BDT">
  <testcase classname="tests.OneTest" name="testOneDemo" time="8.236"/>
  <testcase classname="tests.TwoTest" name="twoTestDemo" time="17.42">
    <failure type="junit.framework.AssertionFailedError">
      <![CDATA[junit.framework.AssertionFailedError
at junit.framework.Assert.fail(Assert.java:47)
at junit.framework.Assert.assertTrue(Assert.java:20)
at junit.framework.Assert.assertTrue(Assert.java:27)
at tests.TwoTest.twoTestDemo(TwoTest.java:80)
at java.base/java.util.ArrayList.forEach(ArrayList.java:1510)
... Removed 37 stack frames]]>
    </failure>
  </testcase> <!-- twoTestDemo -->
</testsuite> <!-- Command line test -->
