<?xml version="1.0" encoding="UTF-8"?>
<testng-results skipped="0" failed="1" ignored="0" total="2" passed="1">
  <reporter-output>
  </reporter-output>
  <suite name="Suite" duration-ms="18685" started-at="2020-09-29T15:23:16 BDT" finished-at="2020-09-29T15:23:35 BDT">
    <groups>
    </groups>
    <test name="Test1" duration-ms="14424" started-at="2020-09-29T15:23:16 BDT" finished-at="2020-09-29T15:23:30 BDT">
      <class name="tests.OneTest">
        <test-method status="PASS" signature="testOneDemo()[pri:0, instance:tests.OneTest@708f5957]" name="testOneDemo" duration-ms="10124" started-at="2020-09-29T15:23:16 BDT" finished-at="2020-09-29T15:23:26 BDT">
          <reporter-output>
          </reporter-output>
        </test-method> <!-- testOneDemo -->
        <test-method status="PASS" signature="terminateBrowser()[pri:0, instance:tests.OneTest@708f5957]" name="terminateBrowser" is-config="true" duration-ms="4229" started-at="2020-09-29T15:23:26 BDT" finished-at="2020-09-29T15:23:30 BDT">
          <reporter-output>
          </reporter-output>
        </test-method> <!-- terminateBrowser -->
      </class> <!-- tests.OneTest -->
    </test> <!-- Test1 -->
    <test name="Test2" duration-ms="18685" started-at="2020-09-29T15:23:16 BDT" finished-at="2020-09-29T15:23:35 BDT">
      <class name="tests.TwoTest">
        <test-method status="FAIL" signature="twoTestDemo()[pri:0, instance:tests.TwoTest@21de60b4]" name="twoTestDemo" duration-ms="18155" started-at="2020-09-29T15:23:16 BDT" finished-at="2020-09-29T15:23:34 BDT">
          <exception class="junit.framework.AssertionFailedError">
            <full-stacktrace>
              <![CDATA[junit.framework.AssertionFailedError
at junit.framework.Assert.fail(Assert.java:47)
at junit.framework.Assert.assertTrue(Assert.java:20)
at junit.framework.Assert.assertTrue(Assert.java:27)
at tests.TwoTest.twoTestDemo(TwoTest.java:80)
at sun.reflect.NativeMethodAccessorImpl.invoke0(Native Method)
at sun.reflect.NativeMethodAccessorImpl.invoke(Unknown Source)
at sun.reflect.DelegatingMethodAccessorImpl.invoke(Unknown Source)
at java.lang.reflect.Method.invoke(Unknown Source)
at org.testng.internal.MethodInvocationHelper.invokeMethod(MethodInvocationHelper.java:132)
at org.testng.internal.TestInvoker.invokeMethod(TestInvoker.java:599)
at org.testng.internal.TestInvoker.invokeTestMethod(TestInvoker.java:174)
at org.testng.internal.MethodRunner.runInSequence(MethodRunner.java:46)
at org.testng.internal.TestInvoker$MethodInvocationAgent.invoke(TestInvoker.java:822)
at org.testng.internal.TestInvoker.invokeTestMethods(TestInvoker.java:147)
at org.testng.internal.TestMethodWorker.invokeTestMethods(TestMethodWorker.java:146)
at org.testng.internal.TestMethodWorker.run(TestMethodWorker.java:128)
at java.util.ArrayList.forEach(Unknown Source)
at org.testng.TestRunner.privateRun(TestRunner.java:764)
at org.testng.TestRunner.run(TestRunner.java:585)
at org.testng.SuiteRunner.runTest(SuiteRunner.java:384)
at org.testng.SuiteRunner.access$000(SuiteRunner.java:28)
at org.testng.SuiteRunner$SuiteWorker.run(SuiteRunner.java:425)
at org.testng.internal.thread.ThreadUtil.lambda$execute$0(ThreadUtil.java:66)
at java.util.concurrent.FutureTask.run(Unknown Source)
at java.util.concurrent.ThreadPoolExecutor.runWorker(Unknown Source)
at java.util.concurrent.ThreadPoolExecutor$Worker.run(Unknown Source)
at java.lang.Thread.run(Unknown Source)
]]>
            </full-stacktrace>
          </exception> <!-- junit.framework.AssertionFailedError -->
          <reporter-output>
          </reporter-output>
        </test-method> <!-- twoTestDemo -->
        <test-method status="PASS" signature="terminateBrowser()[pri:0, instance:tests.TwoTest@21de60b4]" name="terminateBrowser" is-config="true" duration-ms="126" started-at="2020-09-29T15:23:35 BDT" finished-at="2020-09-29T15:23:35 BDT">
          <reporter-output>
          </reporter-output>
        </test-method> <!-- terminateBrowser -->
      </class> <!-- tests.TwoTest -->
    </test> <!-- Test2 -->
  </suite> <!-- Suite -->
</testng-results>
